<?xml version="1.0" encoding="UTF-8"?>
<!-- Generated by org.testng.reporters.JUnitXMLReporter -->
<testsuite ignored="0" hostname="LAPTOP-8SEKENFG" failures="0" tests="3" name="Test-1" time="0.127" errors="0" timestamp="2024-11-29T12:36:01 IST">
  <testcase classname="com.comcast.crm.basetest.BaseClass" name="@BeforeClass configBC" time="-1.732863961807E9">
    <failure type="org.testng.TestNGException" message="
Parameter &amp;apos;BROWSER&amp;apos; is required by BeforeClass on method configBC but has not been marked @Optional or defined
in C:\Users\Sinchana K S\eclipse-workspace\ComcastCRMGUIframework\suite_parallel_distributedTest.xml">
      <![CDATA[org.testng.TestNGException: 
Parameter 'BROWSER' is required by BeforeClass on method configBC but has not been marked @Optional or defined
in C:\Users\Sinchana K S\eclipse-workspace\ComcastCRMGUIframework\suite_parallel_distributedTest.xml
at java.base/java.util.ArrayList.forEach(ArrayList.java:1511)
at java.base/java.util.concurrent.FutureTask.run(FutureTask.java:264)
at java.base/java.util.concurrent.ThreadPoolExecutor.runWorker(ThreadPoolExecutor.java:1136)
at java.base/java.util.concurrent.ThreadPoolExecutor$Worker.run(ThreadPoolExecutor.java:635)
at java.base/java.lang.Thread.run(Thread.java:842)
... Removed 12 stack frames]]>
    </failure>
  </testcase> <!-- @BeforeClass configBC -->
  <testcase classname="com.comcast.crm.basetest.BaseClass" name="@BeforeClass configBC" time="-1.732863961807E9">
    <failure type="org.testng.TestNGException" message="
Parameter &amp;apos;BROWSER&amp;apos; is required by BeforeClass on method configBC but has not been marked @Optional or defined
in C:\Users\Sinchana K S\eclipse-workspace\ComcastCRMGUIframework\suite_parallel_distributedTest.xml">
      <![CDATA[org.testng.TestNGException: 
Parameter 'BROWSER' is required by BeforeClass on method configBC but has not been marked @Optional or defined
in C:\Users\Sinchana K S\eclipse-workspace\ComcastCRMGUIframework\suite_parallel_distributedTest.xml
at java.base/java.util.ArrayList.forEach(ArrayList.java:1511)
at java.base/java.util.concurrent.FutureTask.run(FutureTask.java:264)
at java.base/java.util.concurrent.ThreadPoolExecutor.runWorker(ThreadPoolExecutor.java:1136)
at java.base/java.util.concurrent.ThreadPoolExecutor$Worker.run(ThreadPoolExecutor.java:635)
at java.base/java.lang.Thread.run(Thread.java:842)
... Removed 12 stack frames]]>
    </failure>
  </testcase> <!-- @BeforeClass configBC -->
  <testcase classname="com.comcast.crm.basetest.BaseClass" name="@BeforeMethod configBM" time="0.027">
    <failure type="java.lang.NullPointerException" message="Cannot invoke &amp;quot;org.openqa.selenium.WebDriver.manage()&amp;quot; because &amp;quot;driver&amp;quot; is null">
      <![CDATA[java.lang.NullPointerException: Cannot invoke "org.openqa.selenium.WebDriver.manage()" because "driver" is null
at com.comcast.crm.generic.webdriverutility.WebDriverrUtility.waitForPageToLoad(WebDriverrUtility.java:17)
at com.comcast.crm.objectrepositoryutility.LoginPage.logintoapp(LoginPage.java:37)
at com.comcast.crm.basetest.BaseClass.configBM(BaseClass.java:71)
at java.base/java.util.ArrayList.forEach(ArrayList.java:1511)
at java.base/java.util.concurrent.FutureTask.run(FutureTask.java:264)
at java.base/java.util.concurrent.ThreadPoolExecutor.runWorker(ThreadPoolExecutor.java:1136)
at java.base/java.util.concurrent.ThreadPoolExecutor$Worker.run(ThreadPoolExecutor.java:635)
at java.base/java.lang.Thread.run(Thread.java:842)
... Removed 21 stack frames]]>
    </failure>
  </testcase> <!-- @BeforeMethod configBM -->
  <testcase classname="com.comcast.crm.basetest.BaseClass" name="@BeforeMethod configBM" time="0.027">
    <failure type="java.lang.NullPointerException" message="Cannot invoke &amp;quot;org.openqa.selenium.WebDriver.manage()&amp;quot; because &amp;quot;driver&amp;quot; is null">
      <![CDATA[java.lang.NullPointerException: Cannot invoke "org.openqa.selenium.WebDriver.manage()" because "driver" is null
at com.comcast.crm.generic.webdriverutility.WebDriverrUtility.waitForPageToLoad(WebDriverrUtility.java:17)
at com.comcast.crm.objectrepositoryutility.LoginPage.logintoapp(LoginPage.java:37)
at com.comcast.crm.basetest.BaseClass.configBM(BaseClass.java:71)
at java.base/java.util.ArrayList.forEach(ArrayList.java:1511)
at java.base/java.util.concurrent.FutureTask.run(FutureTask.java:264)
at java.base/java.util.concurrent.ThreadPoolExecutor.runWorker(ThreadPoolExecutor.java:1136)
at java.base/java.util.concurrent.ThreadPoolExecutor$Worker.run(ThreadPoolExecutor.java:635)
at java.base/java.lang.Thread.run(Thread.java:842)
... Removed 21 stack frames]]>
    </failure>
  </testcase> <!-- @BeforeMethod configBM -->
  <testcase classname="com.comcast.crm.basetest.BaseClass" name="@AfterMethod configAM" time="0.007">
    <failure type="java.lang.IllegalArgumentException" message="Driver must be set">
      <![CDATA[java.lang.IllegalArgumentException: Driver must be set
at org.openqa.selenium.internal.Require.nonNull(Require.java:61)
at org.openqa.selenium.interactions.Actions.<init>(Actions.java:64)
at org.openqa.selenium.interactions.Actions.<init>(Actions.java:60)
at com.comcast.crm.objectrepositoryutility.LogoutPage.getLogout(LogoutPage.java:29)
at com.comcast.crm.basetest.BaseClass.configAM(BaseClass.java:78)
at java.base/java.util.ArrayList.forEach(ArrayList.java:1511)
at java.base/java.util.concurrent.FutureTask.run(FutureTask.java:264)
at java.base/java.util.concurrent.ThreadPoolExecutor.runWorker(ThreadPoolExecutor.java:1136)
at java.base/java.util.concurrent.ThreadPoolExecutor$Worker.run(ThreadPoolExecutor.java:635)
at java.base/java.lang.Thread.run(Thread.java:842)
... Removed 22 stack frames]]>
    </failure>
  </testcase> <!-- @AfterMethod configAM -->
  <testcase classname="com.comcast.crm.basetest.BaseClass" name="@AfterMethod configAM" time="0.008">
    <failure type="java.lang.IllegalArgumentException" message="Driver must be set">
      <![CDATA[java.lang.IllegalArgumentException: Driver must be set
at org.openqa.selenium.internal.Require.nonNull(Require.java:61)
at org.openqa.selenium.interactions.Actions.<init>(Actions.java:64)
at org.openqa.selenium.interactions.Actions.<init>(Actions.java:60)
at com.comcast.crm.objectrepositoryutility.LogoutPage.getLogout(LogoutPage.java:29)
at com.comcast.crm.basetest.BaseClass.configAM(BaseClass.java:78)
at java.base/java.util.ArrayList.forEach(ArrayList.java:1511)
at java.base/java.util.concurrent.FutureTask.run(FutureTask.java:264)
at java.base/java.util.concurrent.ThreadPoolExecutor.runWorker(ThreadPoolExecutor.java:1136)
at java.base/java.util.concurrent.ThreadPoolExecutor$Worker.run(ThreadPoolExecutor.java:635)
at java.base/java.lang.Thread.run(Thread.java:842)
... Removed 22 stack frames]]>
    </failure>
  </testcase> <!-- @AfterMethod configAM -->
  <testcase classname="com.comcast.crm.basetest.BaseClass" name="@BeforeMethod configBM" time="0.002">
    <failure type="java.lang.NullPointerException" message="Cannot invoke &amp;quot;org.openqa.selenium.WebDriver.manage()&amp;quot; because &amp;quot;driver&amp;quot; is null">
      <![CDATA[java.lang.NullPointerException: Cannot invoke "org.openqa.selenium.WebDriver.manage()" because "driver" is null
at com.comcast.crm.generic.webdriverutility.WebDriverrUtility.waitForPageToLoad(WebDriverrUtility.java:17)
at com.comcast.crm.objectrepositoryutility.LoginPage.logintoapp(LoginPage.java:37)
at com.comcast.crm.basetest.BaseClass.configBM(BaseClass.java:71)
at java.base/java.util.ArrayList.forEach(ArrayList.java:1511)
at java.base/java.util.concurrent.FutureTask.run(FutureTask.java:264)
at java.base/java.util.concurrent.ThreadPoolExecutor.runWorker(ThreadPoolExecutor.java:1136)
at java.base/java.util.concurrent.ThreadPoolExecutor$Worker.run(ThreadPoolExecutor.java:635)
at java.base/java.lang.Thread.run(Thread.java:842)
... Removed 21 stack frames]]>
    </failure>
  </testcase> <!-- @BeforeMethod configBM -->
  <testcase classname="com.comcast.crm.basetest.BaseClass" name="@BeforeMethod configBM" time="0.003">
    <failure type="java.lang.NullPointerException" message="Cannot invoke &amp;quot;org.openqa.selenium.WebDriver.manage()&amp;quot; because &amp;quot;driver&amp;quot; is null">
      <![CDATA[java.lang.NullPointerException: Cannot invoke "org.openqa.selenium.WebDriver.manage()" because "driver" is null
at com.comcast.crm.generic.webdriverutility.WebDriverrUtility.waitForPageToLoad(WebDriverrUtility.java:17)
at com.comcast.crm.objectrepositoryutility.LoginPage.logintoapp(LoginPage.java:37)
at com.comcast.crm.basetest.BaseClass.configBM(BaseClass.java:71)
at java.base/java.util.ArrayList.forEach(ArrayList.java:1511)
at java.base/java.util.concurrent.FutureTask.run(FutureTask.java:264)
at java.base/java.util.concurrent.ThreadPoolExecutor.runWorker(ThreadPoolExecutor.java:1136)
at java.base/java.util.concurrent.ThreadPoolExecutor$Worker.run(ThreadPoolExecutor.java:635)
at java.base/java.lang.Thread.run(Thread.java:842)
... Removed 21 stack frames]]>
    </failure>
  </testcase> <!-- @BeforeMethod configBM -->
  <testcase classname="com.comcast.crm.basetest.BaseClass" name="@AfterMethod configAM" time="0.0">
    <failure type="java.lang.IllegalArgumentException" message="Driver must be set">
      <![CDATA[java.lang.IllegalArgumentException: Driver must be set
at org.openqa.selenium.internal.Require.nonNull(Require.java:61)
at org.openqa.selenium.interactions.Actions.<init>(Actions.java:64)
at org.openqa.selenium.interactions.Actions.<init>(Actions.java:60)
at com.comcast.crm.objectrepositoryutility.LogoutPage.getLogout(LogoutPage.java:29)
at com.comcast.crm.basetest.BaseClass.configAM(BaseClass.java:78)
at java.base/java.util.ArrayList.forEach(ArrayList.java:1511)
at java.base/java.util.concurrent.FutureTask.run(FutureTask.java:264)
at java.base/java.util.concurrent.ThreadPoolExecutor.runWorker(ThreadPoolExecutor.java:1136)
at java.base/java.util.concurrent.ThreadPoolExecutor$Worker.run(ThreadPoolExecutor.java:635)
at java.base/java.lang.Thread.run(Thread.java:842)
... Removed 22 stack frames]]>
    </failure>
  </testcase> <!-- @AfterMethod configAM -->
  <testcase classname="com.comcast.crm.basetest.BaseClass" name="@AfterMethod configAM" time="0.001">
    <failure type="java.lang.IllegalArgumentException" message="Driver must be set">
      <![CDATA[java.lang.IllegalArgumentException: Driver must be set
at org.openqa.selenium.internal.Require.nonNull(Require.java:61)
at org.openqa.selenium.interactions.Actions.<init>(Actions.java:64)
at org.openqa.selenium.interactions.Actions.<init>(Actions.java:60)
at com.comcast.crm.objectrepositoryutility.LogoutPage.getLogout(LogoutPage.java:29)
at com.comcast.crm.basetest.BaseClass.configAM(BaseClass.java:78)
at java.base/java.util.ArrayList.forEach(ArrayList.java:1511)
at java.base/java.util.concurrent.FutureTask.run(FutureTask.java:264)
at java.base/java.util.concurrent.ThreadPoolExecutor.runWorker(ThreadPoolExecutor.java:1136)
at java.base/java.util.concurrent.ThreadPoolExecutor$Worker.run(ThreadPoolExecutor.java:635)
at java.base/java.lang.Thread.run(Thread.java:842)
... Removed 22 stack frames]]>
    </failure>
  </testcase> <!-- @AfterMethod configAM -->
  <testcase classname="com.comcast.crm.basetest.BaseClass" name="@BeforeMethod configBM" time="0.003">
    <failure type="java.lang.NullPointerException" message="Cannot invoke &amp;quot;org.openqa.selenium.WebDriver.manage()&amp;quot; because &amp;quot;driver&amp;quot; is null">
      <![CDATA[java.lang.NullPointerException: Cannot invoke "org.openqa.selenium.WebDriver.manage()" because "driver" is null
at com.comcast.crm.generic.webdriverutility.WebDriverrUtility.waitForPageToLoad(WebDriverrUtility.java:17)
at com.comcast.crm.objectrepositoryutility.LoginPage.logintoapp(LoginPage.java:37)
at com.comcast.crm.basetest.BaseClass.configBM(BaseClass.java:71)
at java.base/java.util.ArrayList.forEach(ArrayList.java:1511)
at java.base/java.util.concurrent.FutureTask.run(FutureTask.java:264)
at java.base/java.util.concurrent.ThreadPoolExecutor.runWorker(ThreadPoolExecutor.java:1136)
at java.base/java.util.concurrent.ThreadPoolExecutor$Worker.run(ThreadPoolExecutor.java:635)
at java.base/java.lang.Thread.run(Thread.java:842)
... Removed 21 stack frames]]>
    </failure>
  </testcase> <!-- @BeforeMethod configBM -->
  <testcase classname="com.comcast.crm.basetest.BaseClass" name="@BeforeMethod configBM" time="0.003">
    <failure type="java.lang.NullPointerException" message="Cannot invoke &amp;quot;org.openqa.selenium.WebDriver.manage()&amp;quot; because &amp;quot;driver&amp;quot; is null">
      <![CDATA[java.lang.NullPointerException: Cannot invoke "org.openqa.selenium.WebDriver.manage()" because "driver" is null
at com.comcast.crm.generic.webdriverutility.WebDriverrUtility.waitForPageToLoad(WebDriverrUtility.java:17)
at com.comcast.crm.objectrepositoryutility.LoginPage.logintoapp(LoginPage.java:37)
at com.comcast.crm.basetest.BaseClass.configBM(BaseClass.java:71)
at java.base/java.util.ArrayList.forEach(ArrayList.java:1511)
at java.base/java.util.concurrent.FutureTask.run(FutureTask.java:264)
at java.base/java.util.concurrent.ThreadPoolExecutor.runWorker(ThreadPoolExecutor.java:1136)
at java.base/java.util.concurrent.ThreadPoolExecutor$Worker.run(ThreadPoolExecutor.java:635)
at java.base/java.lang.Thread.run(Thread.java:842)
... Removed 21 stack frames]]>
    </failure>
  </testcase> <!-- @BeforeMethod configBM -->
  <testcase classname="com.comcast.crm.basetest.BaseClass" name="@AfterMethod configAM" time="0.001">
    <failure type="java.lang.IllegalArgumentException" message="Driver must be set">
      <![CDATA[java.lang.IllegalArgumentException: Driver must be set
at org.openqa.selenium.internal.Require.nonNull(Require.java:61)
at org.openqa.selenium.interactions.Actions.<init>(Actions.java:64)
at org.openqa.selenium.interactions.Actions.<init>(Actions.java:60)
at com.comcast.crm.objectrepositoryutility.LogoutPage.getLogout(LogoutPage.java:29)
at com.comcast.crm.basetest.BaseClass.configAM(BaseClass.java:78)
at java.base/java.util.ArrayList.forEach(ArrayList.java:1511)
at java.base/java.util.concurrent.FutureTask.run(FutureTask.java:264)
at java.base/java.util.concurrent.ThreadPoolExecutor.runWorker(ThreadPoolExecutor.java:1136)
at java.base/java.util.concurrent.ThreadPoolExecutor$Worker.run(ThreadPoolExecutor.java:635)
at java.base/java.lang.Thread.run(Thread.java:842)
... Removed 22 stack frames]]>
    </failure>
  </testcase> <!-- @AfterMethod configAM -->
  <testcase classname="com.comcast.crm.basetest.BaseClass" name="@AfterMethod configAM" time="0.001">
    <failure type="java.lang.IllegalArgumentException" message="Driver must be set">
      <![CDATA[java.lang.IllegalArgumentException: Driver must be set
at org.openqa.selenium.internal.Require.nonNull(Require.java:61)
at org.openqa.selenium.interactions.Actions.<init>(Actions.java:64)
at org.openqa.selenium.interactions.Actions.<init>(Actions.java:60)
at com.comcast.crm.objectrepositoryutility.LogoutPage.getLogout(LogoutPage.java:29)
at com.comcast.crm.basetest.BaseClass.configAM(BaseClass.java:78)
at java.base/java.util.ArrayList.forEach(ArrayList.java:1511)
at java.base/java.util.concurrent.FutureTask.run(FutureTask.java:264)
at java.base/java.util.concurrent.ThreadPoolExecutor.runWorker(ThreadPoolExecutor.java:1136)
at java.base/java.util.concurrent.ThreadPoolExecutor$Worker.run(ThreadPoolExecutor.java:635)
at java.base/java.lang.Thread.run(Thread.java:842)
... Removed 22 stack frames]]>
    </failure>
  </testcase> <!-- @AfterMethod configAM -->
  <testcase classname="com.comcast.crm.basetest.BaseClass" name="@AfterClass configAC" time="0.0">
    <failure type="java.lang.NullPointerException" message="Cannot invoke &amp;quot;org.openqa.selenium.WebDriver.quit()&amp;quot; because &amp;quot;this.driver&amp;quot; is null">
      <![CDATA[java.lang.NullPointerException: Cannot invoke "org.openqa.selenium.WebDriver.quit()" because "this.driver" is null
at com.comcast.crm.basetest.BaseClass.configAC(BaseClass.java:86)
at java.base/java.util.ArrayList.forEach(ArrayList.java:1511)
at java.base/java.util.concurrent.FutureTask.run(FutureTask.java:264)
at java.base/java.util.concurrent.ThreadPoolExecutor.runWorker(ThreadPoolExecutor.java:1136)
at java.base/java.util.concurrent.ThreadPoolExecutor$Worker.run(ThreadPoolExecutor.java:635)
at java.base/java.lang.Thread.run(Thread.java:842)
... Removed 16 stack frames]]>
    </failure>
  </testcase> <!-- @AfterClass configAC -->
  <testcase classname="com.comcast.crm.basetest.BaseClass" name="@AfterClass configAC" time="0.001">
    <failure type="java.lang.NullPointerException" message="Cannot invoke &amp;quot;org.openqa.selenium.WebDriver.quit()&amp;quot; because &amp;quot;this.driver&amp;quot; is null">
      <![CDATA[java.lang.NullPointerException: Cannot invoke "org.openqa.selenium.WebDriver.quit()" because "this.driver" is null
at com.comcast.crm.basetest.BaseClass.configAC(BaseClass.java:86)
at java.base/java.util.ArrayList.forEach(ArrayList.java:1511)
at java.base/java.util.concurrent.FutureTask.run(FutureTask.java:264)
at java.base/java.util.concurrent.ThreadPoolExecutor.runWorker(ThreadPoolExecutor.java:1136)
at java.base/java.util.concurrent.ThreadPoolExecutor$Worker.run(ThreadPoolExecutor.java:635)
at java.base/java.lang.Thread.run(Thread.java:842)
... Removed 16 stack frames]]>
    </failure>
  </testcase> <!-- @AfterClass configAC -->
  <testcase classname="com.comcast.crm.orgtest.CreateOrganizationTest" name="CreateOrg" time="0.0">
    <skipped/>
  </testcase> <!-- CreateOrg -->
  <testcase classname="com.comcast.crm.orgtest.CreateOrganizationTest" name="CreateOrgWithIndustry" time="0.0">
    <skipped/>
  </testcase> <!-- CreateOrgWithIndustry -->
  <testcase classname="com.comcast.crm.orgtest.CreateOrganizationTest" name="CreateOrgWithPhonenum" time="0.0">
    <skipped/>
  </testcase> <!-- CreateOrgWithPhonenum -->
</testsuite> <!-- Test-1 -->
