<?xml version="1.0" encoding="UTF-8"?>
<!-- Generated by org.testng.reporters.JUnitXMLReporter -->
<testsuite ignored="0" hostname="LAPTOP-8SEKENFG" failures="0" tests="3" name="Test-2" time="0.128" errors="0" timestamp="2024-11-29T12:36:01 IST">
  <testcase classname="com.comcast.crm.contacttest.CreateContacttest" name="createContactTest" time="0.0">
    <skipped/>
  </testcase> <!-- createContactTest -->
  <testcase classname="com.comcast.crm.contacttest.CreateContacttest" name="CreateContactWithsupportDateTest" time="0.001">
    <skipped/>
  </testcase> <!-- CreateContactWithsupportDateTest -->
  <testcase classname="com.comcast.crm.contacttest.CreateContacttest" name="CreateContactWithOrgTest" time="0.0">
    <skipped/>
  </testcase> <!-- CreateContactWithOrgTest -->
</testsuite> <!-- Test-2 -->
