<?xml version="1.0" encoding="UTF-8"?>
<!-- Generated by org.testng.reporters.JUnitReportReporter -->
<testsuite hostname="LAPTOP-8SEKENFG" failures="0" tests="1" name="Assert" time="0.014" errors="0" timestamp="2024-12-02T16:00:54 IST" skipped="0">
  <testcase classname="Assert" name="HardAssert" time="0.014"/>
</testsuite> <!-- Assert -->
