<?xml version="1.0" encoding="UTF-8"?>
<!-- Generated by org.testng.reporters.JUnitReportReporter -->
<testsuite hostname="LAPTOP-8SEKENFG" failures="0" tests="1" name="com.comcast.crm.practice.CreateDocument" time="13.444" errors="0" timestamp="2024-12-14T13:17:51 IST" skipped="0">
  <testcase classname="com.comcast.crm.practice.CreateDocument" name="createDoc" time="13.444"/>
</testsuite> <!-- com.comcast.crm.practice.CreateDocument -->
