<?xml version="1.0" encoding="UTF-8"?>
<!-- Generated by org.testng.reporters.JUnitReportReporter -->
<testsuite hostname="LAPTOP-8SEKENFG" failures="0" tests="2" name="practice.test.CreateContactTest" time="0.013" errors="0" timestamp="2024-11-26T15:14:40 IST" skipped="0">
  <testcase classname="practice.test.CreateContactTest" name="createContactDate" time="0.005"/>
  <testcase classname="practice.test.CreateContactTest" name="createContact" time="0.008"/>
</testsuite> <!-- practice.test.CreateContactTest -->
