<?xml version="1.0" encoding="UTF-8"?>
<!-- Generated by org.testng.reporters.JUnitReportReporter -->
<testsuite hostname="LAPTOP-8SEKENFG" failures="0" tests="4" name="com.comcast.crm.practice.CreateDocument" time="71.697" errors="0" timestamp="2024-12-11T10:17:29 IST" skipped="0">
  <testcase classname="com.comcast.crm.practice.CreateDocument" name="createPricebook" time="13.674"/>
  <testcase classname="com.comcast.crm.practice.CreateDocument" name="createDoc" time="12.492"/>
  <testcase classname="com.comcast.crm.practice.CreateDocument" name="CreateOppurtunity" time="22.799"/>
  <testcase classname="com.comcast.crm.practice.CreateDocument" name="CreateInvoice" time="22.732"/>
</testsuite> <!-- com.comcast.crm.practice.CreateDocument -->
