<?xml version="1.0" encoding="UTF-8"?>
<!-- Generated by org.testng.reporters.JUnitReportReporter -->
<testsuite hostname="LAPTOP-8SEKENFG" failures="0" tests="1" name="practice.test.SampleTestForScreenshot" time="3.506" errors="0" timestamp="2024-12-04T11:52:50 IST" skipped="0">
  <testcase classname="practice.test.SampleTestForScreenshot" name="amazonTest" time="3.506"/>
</testsuite> <!-- practice.test.SampleTestForScreenshot -->
