<?xml version="1.0" encoding="UTF-8"?>
<!-- Generated by org.testng.reporters.JUnitReportReporter -->
<testsuite hostname="LAPTOP-8SEKENFG" failures="0" tests="3" name="com.comcast.crm.contacttest.CreateContacttest" time="60.540" errors="0" timestamp="2024-12-11T10:07:31 IST" skipped="0">
  <testcase classname="com.comcast.crm.contacttest.CreateContacttest" name="createContactTest" time="15.281"/>
  <testcase classname="com.comcast.crm.contacttest.CreateContacttest" name="CreateContactWithsupportDateTest" time="20.906"/>
  <testcase classname="com.comcast.crm.contacttest.CreateContacttest" name="CreateContactWithOrgTest" time="24.353"/>
</testsuite> <!-- com.comcast.crm.contacttest.CreateContacttest -->
