<?xml version="1.0" encoding="UTF-8"?>
<!-- Generated by org.testng.reporters.JUnitReportReporter -->
<testsuite hostname="LAPTOP-8SEKENFG" failures="0" tests="3" name="com.comcast.crm.orgtest.CreateOrganizationTest" time="44.112" errors="0" timestamp="2024-12-12T09:50:30 IST" skipped="0">
  <testcase classname="com.comcast.crm.orgtest.CreateOrganizationTest" name="CreateOrg" time="14.456"/>
  <testcase classname="com.comcast.crm.orgtest.CreateOrganizationTest" name="CreateOrgWithIndustry" time="15.351"/>
  <testcase classname="com.comcast.crm.orgtest.CreateOrganizationTest" name="CreateOrgWithPhonenum" time="14.305"/>
</testsuite> <!-- com.comcast.crm.orgtest.CreateOrganizationTest -->
